Copyright 1986-2022 Xilinx, Inc. All Rights Reserved. Copyright 2022-2023 Advanced Micro Devices, Inc. All Rights Reserved.
-----------------------------------------------------------------------------------------------------------------------------------------------------------
| Tool Version : Vivado v.2023.2 (win64) Build 4029153 Fri Oct 13 20:14:34 MDT 2023
| Date         : Wed Nov 29 09:32:11 2023
| Host         : Arnav-G15 running 64-bit major release  (build 9200)
| Command      : report_methodology -file sim_top_methodology_drc_routed.rpt -pb sim_top_methodology_drc_routed.pb -rpx sim_top_methodology_drc_routed.rpx
| Design       : sim_top
| Device       : xc7a35tcpg236-1
| Speed File   : -1
| Design State : Fully Routed
-----------------------------------------------------------------------------------------------------------------------------------------------------------

Report Methodology

Table of Contents
-----------------
1. REPORT SUMMARY
2. REPORT DETAILS

1. REPORT SUMMARY
-----------------
            Netlist: netlist
          Floorplan: design_1
      Design limits: <entire design considered>
             Max violations: <unlimited>
             Violations found: 104
+-----------+------------------+--------------------------------+------------+
| Rule      | Severity         | Description                    | Violations |
+-----------+------------------+--------------------------------+------------+
| TIMING-17 | Critical Warning | Non-clocked sequential cell    | 50         |
| TIMING-20 | Warning          | Non-clocked latch              | 53         |
| LATCH-1   | Advisory         | Existing latches in the design | 1          |
+-----------+------------------+--------------------------------+------------+

2. REPORT DETAILS
-----------------
TIMING-17#1 Critical Warning
Non-clocked sequential cell  
The clock pin mcdecoder_inst/FSM_sequential_state_reg[0]/C is not reached by a timing clock
Related violations: <none>

TIMING-17#2 Critical Warning
Non-clocked sequential cell  
The clock pin mcdecoder_inst/FSM_sequential_state_reg[1]/C is not reached by a timing clock
Related violations: <none>

TIMING-17#3 Critical Warning
Non-clocked sequential cell  
The clock pin mcdecoder_inst/FSM_sequential_state_reg[2]/C is not reached by a timing clock
Related violations: <none>

TIMING-17#4 Critical Warning
Non-clocked sequential cell  
The clock pin mcdecoder_inst/note_byte_reg[0]/C is not reached by a timing clock
Related violations: <none>

TIMING-17#5 Critical Warning
Non-clocked sequential cell  
The clock pin mcdecoder_inst/note_byte_reg[1]/C is not reached by a timing clock
Related violations: <none>

TIMING-17#6 Critical Warning
Non-clocked sequential cell  
The clock pin mcdecoder_inst/note_byte_reg[2]/C is not reached by a timing clock
Related violations: <none>

TIMING-17#7 Critical Warning
Non-clocked sequential cell  
The clock pin mcdecoder_inst/note_byte_reg[3]/C is not reached by a timing clock
Related violations: <none>

TIMING-17#8 Critical Warning
Non-clocked sequential cell  
The clock pin mcdecoder_inst/note_byte_reg[4]/C is not reached by a timing clock
Related violations: <none>

TIMING-17#9 Critical Warning
Non-clocked sequential cell  
The clock pin mcdecoder_inst/note_byte_reg[5]/C is not reached by a timing clock
Related violations: <none>

TIMING-17#10 Critical Warning
Non-clocked sequential cell  
The clock pin mcdecoder_inst/note_order_reg/C is not reached by a timing clock
Related violations: <none>

TIMING-17#11 Critical Warning
Non-clocked sequential cell  
The clock pin mcdecoder_inst/valid_buffer_reg/C is not reached by a timing clock
Related violations: <none>

TIMING-17#12 Critical Warning
Non-clocked sequential cell  
The clock pin myuart_inst/baudcounter_reg[0]/C is not reached by a timing clock
Related violations: <none>

TIMING-17#13 Critical Warning
Non-clocked sequential cell  
The clock pin myuart_inst/baudcounter_reg[1]/C is not reached by a timing clock
Related violations: <none>

TIMING-17#14 Critical Warning
Non-clocked sequential cell  
The clock pin myuart_inst/baudcounter_reg[2]/C is not reached by a timing clock
Related violations: <none>

TIMING-17#15 Critical Warning
Non-clocked sequential cell  
The clock pin myuart_inst/baudcounter_reg[3]/C is not reached by a timing clock
Related violations: <none>

TIMING-17#16 Critical Warning
Non-clocked sequential cell  
The clock pin myuart_inst/bitposition_reg[0]/C is not reached by a timing clock
Related violations: <none>

TIMING-17#17 Critical Warning
Non-clocked sequential cell  
The clock pin myuart_inst/bitposition_reg[1]/C is not reached by a timing clock
Related violations: <none>

TIMING-17#18 Critical Warning
Non-clocked sequential cell  
The clock pin myuart_inst/bitposition_reg[2]/C is not reached by a timing clock
Related violations: <none>

TIMING-17#19 Critical Warning
Non-clocked sequential cell  
The clock pin myuart_inst/bitposition_reg[3]/C is not reached by a timing clock
Related violations: <none>

TIMING-17#20 Critical Warning
Non-clocked sequential cell  
The clock pin myuart_inst/state_reg[0]/C is not reached by a timing clock
Related violations: <none>

TIMING-17#21 Critical Warning
Non-clocked sequential cell  
The clock pin myuart_inst/state_reg[1]/C is not reached by a timing clock
Related violations: <none>

TIMING-17#22 Critical Warning
Non-clocked sequential cell  
The clock pin myuart_inst/state_reg[2]/C is not reached by a timing clock
Related violations: <none>

TIMING-17#23 Critical Warning
Non-clocked sequential cell  
The clock pin myuart_inst/state_reg[3]/C is not reached by a timing clock
Related violations: <none>

TIMING-17#24 Critical Warning
Non-clocked sequential cell  
The clock pin symb_det_inst/FSM_onehot_state_reg[0]/C is not reached by a timing clock
Related violations: <none>

TIMING-17#25 Critical Warning
Non-clocked sequential cell  
The clock pin symb_det_inst/FSM_onehot_state_reg[1]/C is not reached by a timing clock
Related violations: <none>

TIMING-17#26 Critical Warning
Non-clocked sequential cell  
The clock pin symb_det_inst/FSM_onehot_state_reg[2]/C is not reached by a timing clock
Related violations: <none>

TIMING-17#27 Critical Warning
Non-clocked sequential cell  
The clock pin symb_det_inst/FSM_onehot_state_reg[3]/C is not reached by a timing clock
Related violations: <none>

TIMING-17#28 Critical Warning
Non-clocked sequential cell  
The clock pin symb_det_inst/freq_counter_reg[0]/C is not reached by a timing clock
Related violations: <none>

TIMING-17#29 Critical Warning
Non-clocked sequential cell  
The clock pin symb_det_inst/freq_counter_reg[1]/C is not reached by a timing clock
Related violations: <none>

TIMING-17#30 Critical Warning
Non-clocked sequential cell  
The clock pin symb_det_inst/freq_counter_reg[2]/C is not reached by a timing clock
Related violations: <none>

TIMING-17#31 Critical Warning
Non-clocked sequential cell  
The clock pin symb_det_inst/freq_counter_reg[3]/C is not reached by a timing clock
Related violations: <none>

TIMING-17#32 Critical Warning
Non-clocked sequential cell  
The clock pin symb_det_inst/freq_counter_reg[4]/C is not reached by a timing clock
Related violations: <none>

TIMING-17#33 Critical Warning
Non-clocked sequential cell  
The clock pin symb_det_inst/freq_counter_reg[5]/C is not reached by a timing clock
Related violations: <none>

TIMING-17#34 Critical Warning
Non-clocked sequential cell  
The clock pin symb_det_inst/freq_counter_reg[6]/C is not reached by a timing clock
Related violations: <none>

TIMING-17#35 Critical Warning
Non-clocked sequential cell  
The clock pin symb_det_inst/freq_counter_reg[7]/C is not reached by a timing clock
Related violations: <none>

TIMING-17#36 Critical Warning
Non-clocked sequential cell  
The clock pin symb_det_inst/last_note_clk_reg/C is not reached by a timing clock
Related violations: <none>

TIMING-17#37 Critical Warning
Non-clocked sequential cell  
The clock pin symb_det_inst/note_clk_counter_reg[0]/C is not reached by a timing clock
Related violations: <none>

TIMING-17#38 Critical Warning
Non-clocked sequential cell  
The clock pin symb_det_inst/note_clk_counter_reg[10]/C is not reached by a timing clock
Related violations: <none>

TIMING-17#39 Critical Warning
Non-clocked sequential cell  
The clock pin symb_det_inst/note_clk_counter_reg[11]/C is not reached by a timing clock
Related violations: <none>

TIMING-17#40 Critical Warning
Non-clocked sequential cell  
The clock pin symb_det_inst/note_clk_counter_reg[1]/C is not reached by a timing clock
Related violations: <none>

TIMING-17#41 Critical Warning
Non-clocked sequential cell  
The clock pin symb_det_inst/note_clk_counter_reg[2]/C is not reached by a timing clock
Related violations: <none>

TIMING-17#42 Critical Warning
Non-clocked sequential cell  
The clock pin symb_det_inst/note_clk_counter_reg[3]/C is not reached by a timing clock
Related violations: <none>

TIMING-17#43 Critical Warning
Non-clocked sequential cell  
The clock pin symb_det_inst/note_clk_counter_reg[4]/C is not reached by a timing clock
Related violations: <none>

TIMING-17#44 Critical Warning
Non-clocked sequential cell  
The clock pin symb_det_inst/note_clk_counter_reg[5]/C is not reached by a timing clock
Related violations: <none>

TIMING-17#45 Critical Warning
Non-clocked sequential cell  
The clock pin symb_det_inst/note_clk_counter_reg[6]/C is not reached by a timing clock
Related violations: <none>

TIMING-17#46 Critical Warning
Non-clocked sequential cell  
The clock pin symb_det_inst/note_clk_counter_reg[7]/C is not reached by a timing clock
Related violations: <none>

TIMING-17#47 Critical Warning
Non-clocked sequential cell  
The clock pin symb_det_inst/note_clk_counter_reg[8]/C is not reached by a timing clock
Related violations: <none>

TIMING-17#48 Critical Warning
Non-clocked sequential cell  
The clock pin symb_det_inst/note_clk_counter_reg[9]/C is not reached by a timing clock
Related violations: <none>

TIMING-17#49 Critical Warning
Non-clocked sequential cell  
The clock pin symb_det_inst/note_clk_reg/C is not reached by a timing clock
Related violations: <none>

TIMING-17#50 Critical Warning
Non-clocked sequential cell  
The clock pin symb_det_inst/signed_adc_last_reg[11]/C is not reached by a timing clock
Related violations: <none>

TIMING-20#1 Warning
Non-clocked latch  
The latch mcdecoder_inst/dout_reg[0] cannot be properly analyzed as its control pin mcdecoder_inst/dout_reg[0]/G is not reached by a timing clock
Related violations: <none>

TIMING-20#2 Warning
Non-clocked latch  
The latch mcdecoder_inst/dout_reg[1] cannot be properly analyzed as its control pin mcdecoder_inst/dout_reg[1]/G is not reached by a timing clock
Related violations: <none>

TIMING-20#3 Warning
Non-clocked latch  
The latch mcdecoder_inst/dout_reg[2] cannot be properly analyzed as its control pin mcdecoder_inst/dout_reg[2]/G is not reached by a timing clock
Related violations: <none>

TIMING-20#4 Warning
Non-clocked latch  
The latch mcdecoder_inst/dout_reg[3] cannot be properly analyzed as its control pin mcdecoder_inst/dout_reg[3]/G is not reached by a timing clock
Related violations: <none>

TIMING-20#5 Warning
Non-clocked latch  
The latch mcdecoder_inst/dout_reg[4] cannot be properly analyzed as its control pin mcdecoder_inst/dout_reg[4]/G is not reached by a timing clock
Related violations: <none>

TIMING-20#6 Warning
Non-clocked latch  
The latch mcdecoder_inst/dout_reg[5] cannot be properly analyzed as its control pin mcdecoder_inst/dout_reg[5]/G is not reached by a timing clock
Related violations: <none>

TIMING-20#7 Warning
Non-clocked latch  
The latch mcdecoder_inst/dout_reg[6] cannot be properly analyzed as its control pin mcdecoder_inst/dout_reg[6]/G is not reached by a timing clock
Related violations: <none>

TIMING-20#8 Warning
Non-clocked latch  
The latch mcdecoder_inst/dout_reg[7] cannot be properly analyzed as its control pin mcdecoder_inst/dout_reg[7]/G is not reached by a timing clock
Related violations: <none>

TIMING-20#9 Warning
Non-clocked latch  
The latch myuart_inst/busy_reg cannot be properly analyzed as its control pin myuart_inst/busy_reg/G is not reached by a timing clock
Related violations: <none>

TIMING-20#10 Warning
Non-clocked latch  
The latch myuart_inst/din_buffer_reg[1] cannot be properly analyzed as its control pin myuart_inst/din_buffer_reg[1]/G is not reached by a timing clock
Related violations: <none>

TIMING-20#11 Warning
Non-clocked latch  
The latch myuart_inst/din_buffer_reg[2] cannot be properly analyzed as its control pin myuart_inst/din_buffer_reg[2]/G is not reached by a timing clock
Related violations: <none>

TIMING-20#12 Warning
Non-clocked latch  
The latch myuart_inst/din_buffer_reg[3] cannot be properly analyzed as its control pin myuart_inst/din_buffer_reg[3]/G is not reached by a timing clock
Related violations: <none>

TIMING-20#13 Warning
Non-clocked latch  
The latch myuart_inst/din_buffer_reg[4] cannot be properly analyzed as its control pin myuart_inst/din_buffer_reg[4]/G is not reached by a timing clock
Related violations: <none>

TIMING-20#14 Warning
Non-clocked latch  
The latch myuart_inst/din_buffer_reg[5] cannot be properly analyzed as its control pin myuart_inst/din_buffer_reg[5]/G is not reached by a timing clock
Related violations: <none>

TIMING-20#15 Warning
Non-clocked latch  
The latch myuart_inst/din_buffer_reg[6] cannot be properly analyzed as its control pin myuart_inst/din_buffer_reg[6]/G is not reached by a timing clock
Related violations: <none>

TIMING-20#16 Warning
Non-clocked latch  
The latch myuart_inst/din_buffer_reg[7] cannot be properly analyzed as its control pin myuart_inst/din_buffer_reg[7]/G is not reached by a timing clock
Related violations: <none>

TIMING-20#17 Warning
Non-clocked latch  
The latch myuart_inst/din_buffer_reg[8] cannot be properly analyzed as its control pin myuart_inst/din_buffer_reg[8]/G is not reached by a timing clock
Related violations: <none>

TIMING-20#18 Warning
Non-clocked latch  
The latch myuart_inst/sout_reg cannot be properly analyzed as its control pin myuart_inst/sout_reg/G is not reached by a timing clock
Related violations: <none>

TIMING-20#19 Warning
Non-clocked latch  
The latch symb_det_inst/symbol_out_reg[0] cannot be properly analyzed as its control pin symb_det_inst/symbol_out_reg[0]/G is not reached by a timing clock
Related violations: <none>

TIMING-20#20 Warning
Non-clocked latch  
The latch symb_det_inst/symbol_out_reg[1] cannot be properly analyzed as its control pin symb_det_inst/symbol_out_reg[1]/G is not reached by a timing clock
Related violations: <none>

TIMING-20#21 Warning
Non-clocked latch  
The latch symb_det_inst/symbol_out_reg[2] cannot be properly analyzed as its control pin symb_det_inst/symbol_out_reg[2]/G is not reached by a timing clock
Related violations: <none>

TIMING-20#22 Warning
Non-clocked latch  
The latch symb_det_inst/symoutcount_reg[0] cannot be properly analyzed as its control pin symb_det_inst/symoutcount_reg[0]/G is not reached by a timing clock
Related violations: <none>

TIMING-20#23 Warning
Non-clocked latch  
The latch symb_det_inst/symoutcount_reg[10] cannot be properly analyzed as its control pin symb_det_inst/symoutcount_reg[10]/G is not reached by a timing clock
Related violations: <none>

TIMING-20#24 Warning
Non-clocked latch  
The latch symb_det_inst/symoutcount_reg[11] cannot be properly analyzed as its control pin symb_det_inst/symoutcount_reg[11]/G is not reached by a timing clock
Related violations: <none>

TIMING-20#25 Warning
Non-clocked latch  
The latch symb_det_inst/symoutcount_reg[12] cannot be properly analyzed as its control pin symb_det_inst/symoutcount_reg[12]/G is not reached by a timing clock
Related violations: <none>

TIMING-20#26 Warning
Non-clocked latch  
The latch symb_det_inst/symoutcount_reg[13] cannot be properly analyzed as its control pin symb_det_inst/symoutcount_reg[13]/G is not reached by a timing clock
Related violations: <none>

TIMING-20#27 Warning
Non-clocked latch  
The latch symb_det_inst/symoutcount_reg[14] cannot be properly analyzed as its control pin symb_det_inst/symoutcount_reg[14]/G is not reached by a timing clock
Related violations: <none>

TIMING-20#28 Warning
Non-clocked latch  
The latch symb_det_inst/symoutcount_reg[15] cannot be properly analyzed as its control pin symb_det_inst/symoutcount_reg[15]/G is not reached by a timing clock
Related violations: <none>

TIMING-20#29 Warning
Non-clocked latch  
The latch symb_det_inst/symoutcount_reg[16] cannot be properly analyzed as its control pin symb_det_inst/symoutcount_reg[16]/G is not reached by a timing clock
Related violations: <none>

TIMING-20#30 Warning
Non-clocked latch  
The latch symb_det_inst/symoutcount_reg[17] cannot be properly analyzed as its control pin symb_det_inst/symoutcount_reg[17]/G is not reached by a timing clock
Related violations: <none>

TIMING-20#31 Warning
Non-clocked latch  
The latch symb_det_inst/symoutcount_reg[18] cannot be properly analyzed as its control pin symb_det_inst/symoutcount_reg[18]/G is not reached by a timing clock
Related violations: <none>

TIMING-20#32 Warning
Non-clocked latch  
The latch symb_det_inst/symoutcount_reg[19] cannot be properly analyzed as its control pin symb_det_inst/symoutcount_reg[19]/G is not reached by a timing clock
Related violations: <none>

TIMING-20#33 Warning
Non-clocked latch  
The latch symb_det_inst/symoutcount_reg[1] cannot be properly analyzed as its control pin symb_det_inst/symoutcount_reg[1]/G is not reached by a timing clock
Related violations: <none>

TIMING-20#34 Warning
Non-clocked latch  
The latch symb_det_inst/symoutcount_reg[20] cannot be properly analyzed as its control pin symb_det_inst/symoutcount_reg[20]/G is not reached by a timing clock
Related violations: <none>

TIMING-20#35 Warning
Non-clocked latch  
The latch symb_det_inst/symoutcount_reg[21] cannot be properly analyzed as its control pin symb_det_inst/symoutcount_reg[21]/G is not reached by a timing clock
Related violations: <none>

TIMING-20#36 Warning
Non-clocked latch  
The latch symb_det_inst/symoutcount_reg[22] cannot be properly analyzed as its control pin symb_det_inst/symoutcount_reg[22]/G is not reached by a timing clock
Related violations: <none>

TIMING-20#37 Warning
Non-clocked latch  
The latch symb_det_inst/symoutcount_reg[23] cannot be properly analyzed as its control pin symb_det_inst/symoutcount_reg[23]/G is not reached by a timing clock
Related violations: <none>

TIMING-20#38 Warning
Non-clocked latch  
The latch symb_det_inst/symoutcount_reg[24] cannot be properly analyzed as its control pin symb_det_inst/symoutcount_reg[24]/G is not reached by a timing clock
Related violations: <none>

TIMING-20#39 Warning
Non-clocked latch  
The latch symb_det_inst/symoutcount_reg[25] cannot be properly analyzed as its control pin symb_det_inst/symoutcount_reg[25]/G is not reached by a timing clock
Related violations: <none>

TIMING-20#40 Warning
Non-clocked latch  
The latch symb_det_inst/symoutcount_reg[26] cannot be properly analyzed as its control pin symb_det_inst/symoutcount_reg[26]/G is not reached by a timing clock
Related violations: <none>

TIMING-20#41 Warning
Non-clocked latch  
The latch symb_det_inst/symoutcount_reg[27] cannot be properly analyzed as its control pin symb_det_inst/symoutcount_reg[27]/G is not reached by a timing clock
Related violations: <none>

TIMING-20#42 Warning
Non-clocked latch  
The latch symb_det_inst/symoutcount_reg[28] cannot be properly analyzed as its control pin symb_det_inst/symoutcount_reg[28]/G is not reached by a timing clock
Related violations: <none>

TIMING-20#43 Warning
Non-clocked latch  
The latch symb_det_inst/symoutcount_reg[29] cannot be properly analyzed as its control pin symb_det_inst/symoutcount_reg[29]/G is not reached by a timing clock
Related violations: <none>

TIMING-20#44 Warning
Non-clocked latch  
The latch symb_det_inst/symoutcount_reg[2] cannot be properly analyzed as its control pin symb_det_inst/symoutcount_reg[2]/G is not reached by a timing clock
Related violations: <none>

TIMING-20#45 Warning
Non-clocked latch  
The latch symb_det_inst/symoutcount_reg[30] cannot be properly analyzed as its control pin symb_det_inst/symoutcount_reg[30]/G is not reached by a timing clock
Related violations: <none>

TIMING-20#46 Warning
Non-clocked latch  
The latch symb_det_inst/symoutcount_reg[31] cannot be properly analyzed as its control pin symb_det_inst/symoutcount_reg[31]/G is not reached by a timing clock
Related violations: <none>

TIMING-20#47 Warning
Non-clocked latch  
The latch symb_det_inst/symoutcount_reg[3] cannot be properly analyzed as its control pin symb_det_inst/symoutcount_reg[3]/G is not reached by a timing clock
Related violations: <none>

TIMING-20#48 Warning
Non-clocked latch  
The latch symb_det_inst/symoutcount_reg[4] cannot be properly analyzed as its control pin symb_det_inst/symoutcount_reg[4]/G is not reached by a timing clock
Related violations: <none>

TIMING-20#49 Warning
Non-clocked latch  
The latch symb_det_inst/symoutcount_reg[5] cannot be properly analyzed as its control pin symb_det_inst/symoutcount_reg[5]/G is not reached by a timing clock
Related violations: <none>

TIMING-20#50 Warning
Non-clocked latch  
The latch symb_det_inst/symoutcount_reg[6] cannot be properly analyzed as its control pin symb_det_inst/symoutcount_reg[6]/G is not reached by a timing clock
Related violations: <none>

TIMING-20#51 Warning
Non-clocked latch  
The latch symb_det_inst/symoutcount_reg[7] cannot be properly analyzed as its control pin symb_det_inst/symoutcount_reg[7]/G is not reached by a timing clock
Related violations: <none>

TIMING-20#52 Warning
Non-clocked latch  
The latch symb_det_inst/symoutcount_reg[8] cannot be properly analyzed as its control pin symb_det_inst/symoutcount_reg[8]/G is not reached by a timing clock
Related violations: <none>

TIMING-20#53 Warning
Non-clocked latch  
The latch symb_det_inst/symoutcount_reg[9] cannot be properly analyzed as its control pin symb_det_inst/symoutcount_reg[9]/G is not reached by a timing clock
Related violations: <none>

LATCH-1#1 Advisory
Existing latches in the design  
There are 53 latches found in the design. Inferred latches are often the result of HDL coding mistakes, such as incomplete if or case statements.
Related violations: <none>


