Copyright 1986-2022 Xilinx, Inc. All Rights Reserved. Copyright 2022-2023 Advanced Micro Devices, Inc. All Rights Reserved.
---------------------------------------------------------------------------------------------------------------------------------------------
| Tool Version : Vivado v.2023.2 (win64) Build 4029153 Fri Oct 13 20:14:34 MDT 2023
| Date         : Tue Nov 28 21:30:58 2023
| Host         : LAPTOP-FRV2A7ED running 64-bit major release  (build 9200)
| Command      : report_drc -file sys_top_drc_routed.rpt -pb sys_top_drc_routed.pb -rpx sys_top_drc_routed.rpx
| Design       : sys_top
| Device       : xc7a35tcpg236-1
| Speed File   : -1
| Design State : Fully Routed
---------------------------------------------------------------------------------------------------------------------------------------------

Report DRC

Table of Contents
-----------------
1. REPORT SUMMARY
2. REPORT DETAILS

1. REPORT SUMMARY
-----------------
            Netlist: netlist
          Floorplan: design_1
      Design limits: <entire design considered>
           Ruledeck: default
             Max violations: <unlimited>
             Violations found: 2
+----------+----------+-------------------+------------+
| Rule     | Severity | Description       | Violations |
+----------+----------+-------------------+------------+
| PDRC-153 | Warning  | Gated clock check | 2          |
+----------+----------+-------------------+------------+

2. REPORT DETAILS
-----------------
PDRC-153#1 Warning
Gated clock check  
Net mcdecoder_inst/FSM_sequential_state_reg[2]_0[0] is a gated clock net sourced by a combinational pin mcdecoder_inst/din_buffer_reg[7]_i_1/O, cell mcdecoder_inst/din_buffer_reg[7]_i_1. This is not good design practice and will likely impact performance. For SLICE registers, for example, use the CE pin to control the loading of data.
Related violations: <none>

PDRC-153#2 Warning
Gated clock check  
Net mcdecoder_inst/dout_reg[6]_i_2_n_0 is a gated clock net sourced by a combinational pin mcdecoder_inst/dout_reg[6]_i_2/O, cell mcdecoder_inst/dout_reg[6]_i_2. This is not good design practice and will likely impact performance. For SLICE registers, for example, use the CE pin to control the loading of data.
Related violations: <none>


